{
  "RSpec": {
    "coverage": {
      "/Users/muraserei/project/rails-next/rails-next-nayami-note/rails/app/controllers/api/v1/concerns/issues_controller.rb": {
        "lines": [
          1,
          1,
          null,
          1,
          3,
          1,
          null,
          null,
          null,
          2,
          1,
          null,
          null,
          1,
          6,
          6,
          null,
          5,
          3,
          null,
          null,
          1,
          3,
          3,
          null,
          2,
          2,
          null,
          null,
          1,
          null,
          1,
          15,
          null,
          null,
          1,
          7,
          null,
          null
        ]
      },
      "/Users/muraserei/project/rails-next/rails-next-nayami-note/rails/app/controllers/api/v1/concerns/roadmaps_controller.rb": {
        "lines": [
          1,
          1,
          null,
          1,
          3,
          1,
          null,
          null,
          null,
          2,
          1,
          null,
          null,
          1,
          6,
          6,
          null,
          5,
          3,
          null,
          null,
          1,
          3,
          3,
          null,
          2,
          2,
          null,
          null,
          1,
          null,
          1,
          15,
          null,
          null,
          1,
          7,
          null,
          null
        ]
      },
      "/Users/muraserei/project/rails-next/rails-next-nayami-note/rails/app/controllers/api/v1/concerns_controller.rb": {
        "lines": [
          1,
          1,
          7,
          null,
          null,
          null,
          7,
          null,
          null,
          null,
          7,
          7,
          null,
          null,
          1,
          1,
          1,
          null,
          null,
          1,
          4,
          3,
          3,
          null,
          null,
          1,
          5,
          4,
          4,
          null,
          null,
          1,
          4,
          2,
          null,
          null,
          null,
          null,
          null,
          null,
          1,
          4,
          null,
          4,
          null,
          null,
          4,
          3,
          null,
          null,
          1,
          8,
          6,
          4,
          null,
          null,
          1,
          5,
          2,
          2,
          null,
          null,
          1,
          null,
          1,
          10,
          null,
          null
        ]
      },
      "/Users/muraserei/project/rails-next/rails-next-nayami-note/rails/app/controllers/api/v1/csrf_controller.rb": {
        "lines": [
          1,
          1,
          null,
          1,
          201,
          null,
          null
        ]
      },
      "/Users/muraserei/project/rails-next/rails-next-nayami-note/rails/app/controllers/api/v1/health_check_controller.rb": {
        "lines": [
          1,
          1,
          1,
          1,
          null,
          null
        ]
      },
      "/Users/muraserei/project/rails-next/rails-next-nayami-note/rails/app/controllers/api/v1/issues_controller.rb": {
        "lines": [
          1,
          1,
          5,
          5,
          null,
          null,
          1,
          1,
          1,
          null,
          null,
          1,
          3,
          2,
          2,
          null,
          null,
          1,
          3,
          2,
          2,
          null,
          null
        ]
      },
      "/Users/muraserei/project/rails-next/rails-next-nayami-note/rails/app/controllers/api/v1/me_controller.rb": {
        "lines": [
          1,
          1,
          3,
          3,
          null,
          null,
          null,
          null,
          null,
          null,
          1,
          4,
          null,
          4,
          null,
          4,
          null,
          null,
          null,
          3,
          null,
          null,
          null,
          null,
          4,
          null,
          null,
          null,
          null,
          null,
          null
        ]
      },
      "/Users/muraserei/project/rails-next/rails-next-nayami-note/rails/app/controllers/api/v1/passwords_controller.rb": {
        "lines": [
          1,
          1,
          null,
          1,
          8,
          null,
          0,
          null,
          1,
          8,
          null,
          0,
          null,
          1,
          8,
          8,
          null,
          8,
          6,
          6,
          null,
          null,
          8,
          null,
          null,
          1,
          7,
          null,
          null,
          null,
          7,
          2,
          null,
          null,
          5,
          1,
          null,
          null,
          4,
          null,
          null,
          null,
          null,
          null,
          4,
          null,
          null
        ]
      },
      "/Users/muraserei/project/rails-next/rails-next-nayami-note/rails/app/controllers/api/v1/roadmaps_controller.rb": {
        "lines": [
          1,
          1,
          5,
          5,
          null,
          null,
          1,
          1,
          1,
          null,
          null,
          1,
          3,
          2,
          2,
          null,
          null,
          1,
          3,
          2,
          2,
          null,
          null
        ]
      },
      "/Users/muraserei/project/rails-next/rails-next-nayami-note/rails/app/controllers/api/v1/sessions_controller.rb": {
        "lines": [
          1,
          1,
          null,
          1,
          1,
          106,
          null,
          0,
          null,
          1,
          106,
          null,
          0,
          null,
          1,
          4,
          null,
          0,
          null,
          1,
          106,
          106,
          null,
          null,
          106,
          106,
          null,
          0,
          0,
          null,
          null,
          106,
          105,
          105,
          105,
          105,
          null,
          1,
          null,
          null,
          null,
          1,
          4,
          4,
          4,
          4,
          4,
          null,
          null,
          1,
          2,
          2,
          null,
          null,
          1,
          null,
          1,
          318,
          null,
          null
        ]
      },
      "/Users/muraserei/project/rails-next/rails-next-nayami-note/rails/app/controllers/api/v1/users_controller.rb": {
        "lines": [
          1,
          1,
          1,
          2,
          null,
          0,
          null,
          1,
          2,
          2,
          1,
          1,
          1,
          1,
          null,
          null,
          1,
          null,
          1,
          2,
          null,
          null
        ]
      },
      "/Users/muraserei/project/rails-next/rails-next-nayami-note/rails/app/controllers/application_controller.rb": {
        "lines": [
          1,
          1,
          1,
          1,
          null,
          1,
          1,
          1,
          1,
          null,
          1,
          null,
          1,
          null,
          1,
          0,
          null,
          null,
          1,
          1,
          1,
          null,
          null,
          1,
          10,
          null,
          10,
          11,
          12,
          12,
          12,
          12,
          12,
          12,
          null,
          null,
          null,
          10,
          null,
          null,
          1,
          19,
          null,
          null,
          1,
          239,
          null,
          104,
          104,
          104,
          101,
          null,
          3,
          null,
          null,
          null,
          1,
          104,
          null,
          3,
          null,
          null
        ]
      },
      "/Users/muraserei/project/rails-next/rails-next-nayami-note/rails/app/jobs/application_job.rb": {
        "lines": [
          0,
          null,
          null,
          null,
          null,
          null,
          null
        ],
        "branches": {},
        "methods": {}
      },
      "/Users/muraserei/project/rails-next/rails-next-nayami-note/rails/app/mailers/application_mailer.rb": {
        "lines": [
          1,
          1,
          1,
          null
        ]
      },
      "/Users/muraserei/project/rails-next/rails-next-nayami-note/rails/app/mailers/user_mailer.rb": {
        "lines": [
          1,
          null,
          null,
          null,
          null,
          null,
          1,
          8,
          8,
          8,
          8,
          null,
          null
        ]
      },
      "/Users/muraserei/project/rails-next/rails-next-nayami-note/rails/app/models/application_record.rb": {
        "lines": [
          1,
          1,
          null
        ]
      },
      "/Users/muraserei/project/rails-next/rails-next-nayami-note/rails/app/models/concern.rb": {
        "lines": [
          1,
          228,
          null,
          1,
          1,
          null,
          1,
          1,
          1,
          null,
          12,
          3,
          1,
          7,
          null,
          null,
          null,
          null,
          1,
          null,
          1,
          5,
          null,
          5,
          null,
          null,
          null,
          null,
          null,
          1,
          7,
          null,
          7,
          null,
          7,
          null,
          null,
          null,
          1,
          12,
          null,
          null
        ]
      },
      "/Users/muraserei/project/rails-next/rails-next-nayami-note/rails/app/models/issue.rb": {
        "lines": [
          1,
          87,
          null,
          1,
          1,
          null,
          1,
          1,
          null,
          7,
          3,
          null,
          1,
          3,
          null,
          3,
          null,
          null,
          1,
          3,
          null,
          3,
          null,
          null,
          1,
          6,
          null,
          null
        ]
      },
      "/Users/muraserei/project/rails-next/rails-next-nayami-note/rails/app/models/roadmap.rb": {
        "lines": [
          1,
          75,
          null,
          1,
          1,
          null,
          1,
          1,
          null,
          7,
          3,
          null,
          1,
          3,
          null,
          3,
          null,
          null,
          1,
          3,
          null,
          3,
          null,
          null,
          1,
          6,
          null,
          null
        ]
      },
      "/Users/muraserei/project/rails-next/rails-next-nayami-note/rails/app/models/user.rb": {
        "lines": [
          1,
          1,
          1,
          null,
          1,
          null,
          null,
          null,
          null,
          null,
          1,
          1,
          null,
          1,
          1,
          1,
          null,
          null,
          1,
          12,
          null,
          null,
          null,
          null,
          12,
          12,
          null,
          null,
          null,
          1,
          12,
          12,
          48,
          null,
          null,
          48,
          null,
          48,
          48,
          null,
          null,
          null,
          null,
          1,
          22,
          22,
          22,
          22,
          22,
          null,
          null,
          1,
          null,
          7,
          null,
          7,
          null,
          null,
          1,
          null,
          1,
          250,
          null,
          null
        ]
      }
    },
    "timestamp": 1785997702
  }
}
